2026/07/03 21:19:15 Starting Secure FAPI-ZTA Dark API Gateway...
2026/07/03 21:19:15 Connected to PostgreSQL database successfully.
2026/07/03 21:19:15 Fallback mode: listening on standard local TCP address :8080...
2026/07/03 21:19:15 API Gateway is online and ready to serve requests.
2026/07/04 09:16:47 Starting Secure FAPI-ZTA Dark API Gateway...
2026/07/04 09:16:47 Connected to PostgreSQL database successfully.
2026/07/04 09:16:47 Fallback mode: listening on standard local TCP address :8080...
2026/07/04 09:16:47 API Gateway is online and ready to serve requests.
2026/07/04 09:16:54 Starting Secure FAPI-ZTA Dark API Gateway...
2026/07/04 09:16:54 Connected to PostgreSQL database successfully.
2026/07/04 09:16:54 Connecting to OpenZiti overlay network using identity: docker/identities/gateway-dev.json...
2026/07/04 09:16:54 ZITI CONFIG ERROR: identity file not found at: docker/identities/gateway-dev.json
2026/07/04 09:17:07 Starting Secure FAPI-ZTA Dark API Gateway...
2026/07/04 09:17:07 Connected to PostgreSQL database successfully.
2026/07/04 09:17:07 Connecting to OpenZiti overlay network using identity: e:\Projects\Project_TN\secure-fapi-zta-darkservices\docker\identities\gateway-dev.json ...
2026/07/04 09:17:41 Starting Secure FAPI-ZTA Dark API Gateway...
2026/07/04 09:17:41 Connected to PostgreSQL database successfully.
2026/07/04 09:17:41 Fallback mode: listening on standard local TCP address :8083...
2026/07/04 09:17:41 API Gateway is online and ready to serve requests.
2026/07/04 09:17:51 Starting Secure FAPI-ZTA Dark API Gateway...
2026/07/04 09:17:51 Connected to PostgreSQL database successfully.
2026/07/04 09:17:51 Fallback mode: listening on standard local TCP address :8083...
2026/07/04 09:17:51 API Gateway is online and ready to serve requests.
2026/07/04 09:31:14 Starting Secure FAPI-ZTA Dark API Gateway...
2026/07/04 09:31:14 Connected to PostgreSQL database successfully.
2026/07/04 09:31:14 Fallback mode: listening on standard local TCP address :8080...
2026/07/04 09:31:14 TCP LISTEN ERROR: listen tcp :8080: bind: Only one usage of each socket address (protocol/network address/port) is normally permitted.
